==========================================
Processing SRR1166442...
TrimmomaticSE: Started with arguments:
 -phred33 /scratch/grp/msc_appbio/Group8_ABCC/Glucose/SRR1166442.fastq /scratch/grp/msc_appbio/Group8_ABCC/Glucose/trimmed_result_threshold_20/SRR1166442_trimmed.fastq SLIDINGWINDOW:4:20 MINLEN:30
Automatically using 2 threads
Input Reads: 40585197 Surviving: 35223347 (86.79%) Dropped: 5361850 (13.21%)
TrimmomaticSE: Completed successfully
SRR1166442 trimming complete: /scratch/grp/msc_appbio/Group8_ABCC/Glucose/trimmed_result_threshold_20/SRR1166442_trimmed.fastq
==========================================
Processing SRR1166443...
TrimmomaticSE: Started with arguments:
 -phred33 /scratch/grp/msc_appbio/Group8_ABCC/Glucose/SRR1166443.fastq /scratch/grp/msc_appbio/Group8_ABCC/Glucose/trimmed_result_threshold_20/SRR1166443_trimmed.fastq SLIDINGWINDOW:4:20 MINLEN:30
Automatically using 2 threads
Input Reads: 44937781 Surviving: 40744222 (90.67%) Dropped: 4193559 (9.33%)
TrimmomaticSE: Completed successfully
SRR1166443 trimming complete: /scratch/grp/msc_appbio/Group8_ABCC/Glucose/trimmed_result_threshold_20/SRR1166443_trimmed.fastq
==========================================
Processing SRR1166444...
TrimmomaticSE: Started with arguments:
 -phred33 /scratch/grp/msc_appbio/Group8_ABCC/Glucose/SRR1166444.fastq /scratch/grp/msc_appbio/Group8_ABCC/Glucose/trimmed_result_threshold_20/SRR1166444_trimmed.fastq SLIDINGWINDOW:4:20 MINLEN:30
Automatically using 2 threads
Input Reads: 34778661 Surviving: 32528512 (93.53%) Dropped: 2250149 (6.47%)
TrimmomaticSE: Completed successfully
SRR1166444 trimming complete: /scratch/grp/msc_appbio/Group8_ABCC/Glucose/trimmed_result_threshold_20/SRR1166444_trimmed.fastq
==========================================
Running FastQC on trimmed reads...
null
null
null
Started analysis of SRR1166442_trimmed.fastq
Started analysis of SRR1166443_trimmed.fastq
Started analysis of SRR1166444_trimmed.fastq
Approx 5% complete for SRR1166444_trimmed.fastq
Approx 5% complete for SRR1166442_trimmed.fastq
Approx 5% complete for SRR1166443_trimmed.fastq
Approx 10% complete for SRR1166444_trimmed.fastq
Approx 10% complete for SRR1166442_trimmed.fastq
Approx 10% complete for SRR1166443_trimmed.fastq
Approx 15% complete for SRR1166444_trimmed.fastq
Approx 15% complete for SRR1166442_trimmed.fastq
Approx 15% complete for SRR1166443_trimmed.fastq
Approx 20% complete for SRR1166444_trimmed.fastq
Approx 20% complete for SRR1166442_trimmed.fastq
Approx 20% complete for SRR1166443_trimmed.fastq
Approx 25% complete for SRR1166444_trimmed.fastq
Approx 25% complete for SRR1166442_trimmed.fastq
Approx 30% complete for SRR1166444_trimmed.fastq
Approx 25% complete for SRR1166443_trimmed.fastq
Approx 30% complete for SRR1166442_trimmed.fastq
Approx 35% complete for SRR1166444_trimmed.fastq
Approx 30% complete for SRR1166443_trimmed.fastq
Approx 35% complete for SRR1166442_trimmed.fastq
Approx 40% complete for SRR1166444_trimmed.fastq
Approx 35% complete for SRR1166443_trimmed.fastq
Approx 40% complete for SRR1166442_trimmed.fastq
Approx 45% complete for SRR1166444_trimmed.fastq
Approx 40% complete for SRR1166443_trimmed.fastq
Approx 45% complete for SRR1166442_trimmed.fastq
Approx 50% complete for SRR1166444_trimmed.fastq
Approx 45% complete for SRR1166443_trimmed.fastq
Approx 50% complete for SRR1166442_trimmed.fastq
Approx 55% complete for SRR1166444_trimmed.fastq
Approx 55% complete for SRR1166442_trimmed.fastq
Approx 60% complete for SRR1166444_trimmed.fastq
Approx 50% complete for SRR1166443_trimmed.fastq
Approx 60% complete for SRR1166442_trimmed.fastq
Approx 65% complete for SRR1166444_trimmed.fastq
Approx 55% complete for SRR1166443_trimmed.fastq
Approx 65% complete for SRR1166442_trimmed.fastq
Approx 70% complete for SRR1166444_trimmed.fastq
Approx 60% complete for SRR1166443_trimmed.fastq
Approx 75% complete for SRR1166444_trimmed.fastq
Approx 70% complete for SRR1166442_trimmed.fastq
Approx 65% complete for SRR1166443_trimmed.fastq
Approx 80% complete for SRR1166444_trimmed.fastq
Approx 75% complete for SRR1166442_trimmed.fastq
Approx 70% complete for SRR1166443_trimmed.fastq
Approx 85% complete for SRR1166444_trimmed.fastq
Approx 80% complete for SRR1166442_trimmed.fastq
Approx 90% complete for SRR1166444_trimmed.fastq
Approx 85% complete for SRR1166442_trimmed.fastq
Approx 75% complete for SRR1166443_trimmed.fastq
Approx 95% complete for SRR1166444_trimmed.fastq
Approx 90% complete for SRR1166442_trimmed.fastq
Approx 80% complete for SRR1166443_trimmed.fastq
Analysis complete for SRR1166444_trimmed.fastq
Approx 95% complete for SRR1166442_trimmed.fastq
Approx 85% complete for SRR1166443_trimmed.fastq
Analysis complete for SRR1166442_trimmed.fastq
Approx 90% complete for SRR1166443_trimmed.fastq
Approx 95% complete for SRR1166443_trimmed.fastq
Analysis complete for SRR1166443_trimmed.fastq
All trimming and FastQC complete!
Check FastQC results in: /scratch/grp/msc_appbio/Group8_ABCC/Glucose/fastqc_post_20
